<?xml version="1.0" encoding="UTF-8"?>
<Site BuildName="(empty)"
	BuildStamp="20230921-0218-Experimental"
	Name="abderrahim"
	Generator="ctest-3.16.3"
	CompilerName="/usr/bin/c++"
	CompilerVersion="9.4.0"
	OSName="Linux"
	Hostname="abderrahim"
	OSRelease="5.4.0-162-generic"
	OSVersion="#179-Ubuntu SMP Mon Aug 14 08:52:58 UTC 2023"
	OSPlatform="aarch64"
	Is64Bits="1"
	VendorString=""
	VendorID="Unknown Manufacturer"
	FamilyID="8"
	ModelID="0"
	ProcessorCacheSize="0"
	NumberOfLogicalCPU="6"
	NumberOfPhysicalCPU="1"
	TotalVirtualMemory="4095"
	TotalPhysicalMemory="15970"
	LogicalProcessorsPerPhysical="6"
	ProcessorClockFrequency="0"
	>
	<Testing>
		<StartDateTime>Sep 21 02:28 UTC</StartDateTime>
		<StartTestTime>1695263338</StartTestTime>
		<TestList/>
		<EndDateTime>Sep 21 02:28 UTC</EndDateTime>
		<EndTestTime>1695263338</EndTestTime>
		<ElapsedMinutes>0</ElapsedMinutes>
	</Testing>
</Site>
